

Microchip MPLAB XC8 Assembler V2.05 build -831301201 
                                                                                               Tue Apr 16 23:43:59 2019

Microchip MPLAB XC8 C Compiler v2.05 (Free license) build 20181220022703 Og1 
     1                           	processor	18F45K22
     2                           	fnconf	rparam,??,?,0
     3                           	opt	pw 120
     4                           	opt	flic
     5                           	psect	smallconst,global,reloc=2,class=SMALLCONST,delta=1,noexec
     6                           	psect	cinit,global,reloc=2,class=CODE,delta=1
     7                           	psect	bssCOMRAM,global,class=COMRAM,space=1,delta=1,noexec
     8                           	psect	cstackCOMRAM,global,class=COMRAM,space=1,delta=1,noexec
     9                           	psect	text0,global,reloc=2,class=CODE,delta=1
    10                           	psect	text1,global,reloc=2,class=CODE,delta=1
    11                           	psect	text2,global,reloc=2,class=CODE,delta=1
    12                           	psect	text3,global,reloc=2,class=CODE,delta=1
    13                           	psect	text4,global,reloc=2,class=CODE,delta=1
    14                           	psect	text5,global,reloc=2,class=CODE,delta=1
    15                           	psect	text6,global,reloc=2,class=CODE,delta=1
    16                           	psect	text7,global,reloc=2,class=CODE,delta=1,group=2
    17                           	psect	text8,global,reloc=2,class=CODE,delta=1
    18                           	psect	text9,global,reloc=2,class=CODE,delta=1
    19                           	psect	text10,global,reloc=2,class=CODE,delta=1,group=2
    20                           	psect	text11,global,reloc=2,class=CODE,delta=1
    21                           	psect	text12,global,reloc=2,class=CODE,delta=1
    22                           	psect	intsave_regs,global,class=BIGRAM,space=1,delta=1,noexec
    23                           	psect	rparam,global,class=COMRAM,space=1,delta=1,noexec
    24  0000                     
    25                           ; Version 2.05
    26                           ; Generated 20/12/2018 GMT
    27                           ; 
    28                           ; Copyright © 2018, Microchip Technology Inc. and its subsidiaries ("Microchip")
    29                           ; All rights reserved.
    30                           ; 
    31                           ; This software is developed by Microchip Technology Inc. and its subsidiaries ("Microch
      +                          ip").
    32                           ; 
    33                           ; Redistribution and use in source and binary forms, with or without modification, are
    34                           ; permitted provided that the following conditions are met:
    35                           ; 
    36                           ;     1. Redistributions of source code must retain the above copyright notice, this lis
      +                          t of
    37                           ;        conditions and the following disclaimer.
    38                           ; 
    39                           ;     2. Redistributions in binary form must reproduce the above copyright notice, this 
      +                          list
    40                           ;        of conditions and the following disclaimer in the documentation and/or other
    41                           ;        materials provided with the distribution.
    42                           ; 
    43                           ;     3. Microchip's name may not be used to endorse or promote products derived from th
      +                          is
    44                           ;        software without specific prior written permission.
    45                           ; 
    46                           ; THIS SOFTWARE IS PROVIDED BY MICROCHIP "AS IS" AND ANY EXPRESS OR IMPLIED WARRANTIES,
    47                           ; INCLUDING, BUT NOT LIMITED TO, THE IMPLIED WARRANTIES OF MERCHANTABILITY AND FITNESS F
      +                          OR
    48                           ; PURPOSE ARE DISCLAIMED.  IN NO EVENT SHALL MICROCHIP BE LIABLE FOR ANY DIRECT, INDIREC
      +                          T,
    49                           ; INCIDENTAL, SPECIAL, EXEMPLARY, OR CONSEQUENTIAL DAMAGES (INCLUDING BUT NOT LIMITED TO
    50                           ; PROCUREMENT OF SUBSTITUTE GOODS OR SERVICES; LOSS OF USE, DATA OR PROFITS; OR BUSINESS
    51                           ; INTERRUPTION) HOWSOEVER CAUSED AND ON ANY THEORY OF LIABILITY, WHETHER IN CONTRACT, ST
      +                          RICT
    52                           ; LIABILITY, OR TORT (INCLUDING NEGLIGENCE OR OTHERWISE) ARISING IN ANY WAY OUT OF THE U
      +                          SE OF
    53                           ; THIS SOFTWARE, EVEN IF ADVISED OF THE POSSIBILITY OF SUCH DAMAGE.
    54                           ; 
    55                           ; 
    56                           ; Code-generator required, PIC18F45K22 Definitions
    57                           ; 
    58                           ; SFR Addresses
    59  0000                     _ANSELD	set	3899
    60  0000                     _ANSELB	set	3897
    61  0000                     _ANSELA	set	3896
    62  0000                     _ADRES	set	4035
    63  0000                     _PORTAbits	set	3968
    64  0000                     _LATAbits	set	3977
    65  0000                     _TRISAbits	set	3986
    66  0000                     _ADCON0bits	set	4034
    67  0000                     _ADCON2	set	4032
    68  0000                     _ADCON1	set	4033
    69  0000                     _ADCON0	set	4034
    70  0000                     _TXREG	set	4013
    71  0000                     _PIR1bits	set	3998
    72  0000                     _SPBRG1	set	4015
    73  0000                     _BAUDCON1	set	4024
    74  0000                     _TXSTA1	set	4012
    75  0000                     _RCSTA1	set	4011
    76  0000                     _TRISCbits	set	3988
    77  0000                     _TRISD	set	3989
    78  0000                     _LATD	set	3980
    79  0000                     _TRISB	set	3987
    80  0000                     _LATB	set	3978
    81  0000                     _TRISA	set	3986
    82  0000                     _LATA	set	3977
    83  0000                     _OSCCONbits	set	4051
    84  0000                     _OSCTUNE	set	3995
    85  0000                     _OSCCON2	set	4050
    86  0000                     _OSCCON	set	4051
    87                           
    88                           	psect	smallconst
    89  000600                     __psmallconst:
    90                           	opt callstack 0
    91  000600  00                 	db	0
    92  000601                     STR_1:
    93  000601  44                 	db	68	;'D'
    94  000602  48                 	db	72	;'H'
    95  000603  54                 	db	84	;'T'
    96  000604  20                 	db	32
    97  000605  52                 	db	82	;'R'
    98  000606  65                 	db	101	;'e'
    99  000607  73                 	db	115	;'s'
   100  000608  70                 	db	112	;'p'
   101  000609  6F                 	db	111	;'o'
   102  00060A  6E                 	db	110	;'n'
   103  00060B  73                 	db	115	;'s'
   104  00060C  65                 	db	101	;'e'
   105  00060D  20                 	db	32
   106  00060E  72                 	db	114	;'r'
   107  00060F  65                 	db	101	;'e'
   108  000610  63                 	db	99	;'c'
   109  000611  65                 	db	101	;'e'
   110  000612  69                 	db	105	;'i'
   111  000613  76                 	db	118	;'v'
   112  000614  65                 	db	101	;'e'
   113  000615  64                 	db	100	;'d'
   114  000616  21                 	db	33
   115  000617  0A                 	db	10
   116  000618  0D                 	db	13
   117  000619  00                 	db	0
   118  00061A                     STR_2:
   119  00061A  44                 	db	68	;'D'
   120  00061B  48                 	db	72	;'H'
   121  00061C  54                 	db	84	;'T'
   122  00061D  20                 	db	32
   123  00061E  73                 	db	115	;'s'
   124  00061F  74                 	db	116	;'t'
   125  000620  61                 	db	97	;'a'
   126  000621  72                 	db	114	;'r'
   127  000622  74                 	db	116	;'t'
   128  000623  0A                 	db	10
   129  000624  0D                 	db	13
   130  000625  00                 	db	0
   131                           
   132                           ; #config settings
   133  000626  00                 	db	0	; dummy byte at the end
   134  0000                     
   135                           	psect	cinit
   136  000854                     __pcinit:
   137                           	opt callstack 0
   138  000854                     start_initialization:
   139                           	opt callstack 0
   140  000854                     __initialization:
   141                           	opt callstack 0
   142                           
   143                           ; Clear objects allocated to COMRAM (40 bytes)
   144  000854  EE00  F001         	lfsr	0,__pbssCOMRAM
   145  000858  0E28               	movlw	40
   146  00085A                     clear_0:
   147  00085A  6AEE               	clrf	postinc0,c
   148  00085C  06E8               	decf	wreg,f,c
   149  00085E  E1FD               	bnz	clear_0
   150  000860                     end_of_initialization:
   151                           	opt callstack 0
   152  000860                     __end_of__initialization:
   153                           	opt callstack 0
   154  000860  0E00               	movlw	low (__Lsmallconst shr (0+16))
   155  000862  6EF8               	movwf	tblptru,c
   156  000864  0E06               	movlw	high __Lsmallconst
   157  000866  6EF7               	movwf	tblptrh,c
   158  000868  0100               	movlb	0
   159  00086A  EFDA  F003         	goto	_main	;jump to C main() function
   160                           
   161                           	psect	bssCOMRAM
   162  000001                     __pbssCOMRAM:
   163                           	opt callstack 0
   164  000001                     	ds	32
   165  000021                     _nout:
   166                           	opt callstack 0
   167  000021                     	ds	2
   168  000023                     _width:
   169                           	opt callstack 0
   170  000023                     	ds	2
   171  000025                     _prec:
   172                           	opt callstack 0
   173  000025                     	ds	2
   174  000027                     _flags:
   175                           	opt callstack 0
   176  000027                     	ds	2
   177                           
   178                           	psect	cstackCOMRAM
   179  000029                     __pcstackCOMRAM:
   180                           	opt callstack 0
   181  000029                     ??_DHT11start:
   182  000029                     putch@data:
   183                           	opt callstack 0
   184                           
   185                           ; 1 bytes @ 0x0
   186  000029                     	ds	1
   187  00002A                     fputc@c:
   188                           	opt callstack 0
   189                           
   190                           ; 2 bytes @ 0x1
   191  00002A                     	ds	2
   192  00002C                     fputc@fp:
   193                           	opt callstack 0
   194                           
   195                           ; 2 bytes @ 0x3
   196  00002C                     	ds	2
   197  00002E                     ??_fputc:
   198                           
   199                           ; 1 bytes @ 0x5
   200  00002E                     	ds	5
   201  000033                     ?_vfpfcnvrt:
   202                           	opt callstack 0
   203  000033                     vfpfcnvrt@fp:
   204                           	opt callstack 0
   205                           
   206                           ; 2 bytes @ 0xA
   207  000033                     	ds	2
   208  000035                     vfpfcnvrt@fmt:
   209                           	opt callstack 0
   210                           
   211                           ; 2 bytes @ 0xC
   212  000035                     	ds	2
   213  000037                     vfpfcnvrt@ap:
   214                           	opt callstack 0
   215                           
   216                           ; 2 bytes @ 0xE
   217  000037                     	ds	2
   218  000039                     ?_vfprintf:
   219                           	opt callstack 0
   220  000039                     vfprintf@fp:
   221                           	opt callstack 0
   222                           
   223                           ; 2 bytes @ 0x10
   224  000039                     	ds	2
   225  00003B                     vfprintf@fmt:
   226                           	opt callstack 0
   227                           
   228                           ; 2 bytes @ 0x12
   229  00003B                     	ds	2
   230  00003D                     vfprintf@ap:
   231                           	opt callstack 0
   232                           
   233                           ; 2 bytes @ 0x14
   234  00003D                     	ds	2
   235  00003F                     vfprintf@cfmt:
   236                           	opt callstack 0
   237                           
   238                           ; 2 bytes @ 0x16
   239  00003F                     	ds	2
   240  000041                     ?_printf:
   241                           	opt callstack 0
   242  000041                     printf@fmt:
   243                           	opt callstack 0
   244                           
   245                           ; 2 bytes @ 0x18
   246  000041                     	ds	2
   247  000043                     
   248                           ; 1 bytes @ 0x1A
   249  000043                     	ds	2
   250  000045                     printf@ap:
   251                           	opt callstack 0
   252                           
   253                           ; 2 bytes @ 0x1C
   254  000045                     	ds	2
   255  000047                     ??_main:
   256                           
   257                           ; 1 bytes @ 0x1E
   258  000047                     	ds	2
   259                           
   260 ;;
   261 ;;Main: autosize = 0, tempsize = 2, incstack = 0, save=0
   262 ;;
   263 ;; *************** function _main *****************
   264 ;; Defined at:
   265 ;;		line 87 in file "main.c"
   266 ;; Parameters:    Size  Location     Type
   267 ;;		None
   268 ;; Auto vars:     Size  Location     Type
   269 ;;		None
   270 ;; Return value:  Size  Location     Type
   271 ;;                  1    wreg      void 
   272 ;; Registers used:
   273 ;;		wreg, fsr1l, fsr1h, fsr2l, fsr2h, status,2, status,0, tblptrl, tblptrh, tblptru, cstack
   274 ;; Tracked objects:
   275 ;;		On entry : 0/0
   276 ;;		On exit  : 0/0
   277 ;;		Unchanged: 0/0
   278 ;; Data sizes:     COMRAM   BANK0   BANK1   BANK2   BANK3   BANK4   BANK5
   279 ;;      Params:         0       0       0       0       0       0       0
   280 ;;      Locals:         0       0       0       0       0       0       0
   281 ;;      Temps:          2       0       0       0       0       0       0
   282 ;;      Totals:         2       0       0       0       0       0       0
   283 ;;Total ram usage:        2 bytes
   284 ;; Hardware stack levels required when called:    6
   285 ;; This function calls:
   286 ;;		_DHT11start
   287 ;;		_printf
   288 ;;		_responseWait
   289 ;;		_systemInitialize
   290 ;; This function is called by:
   291 ;;		Startup code after reset
   292 ;; This function uses a non-reentrant model
   293 ;;
   294                           
   295                           	psect	text0
   296  0007B4                     __ptext0:
   297                           	opt callstack 0
   298  0007B4                     _main:
   299                           	opt callstack 25
   300                           
   301                           ;main.c: 89:     systemInitialize();
   302                           
   303                           ;incstack = 0
   304  0007B4  EC44  F004         	call	_systemInitialize	;wreg free
   305  0007B8                     l1076:
   306                           
   307                           ;main.c: 92:     {;main.c: 93:         printf("DHT start\n\r");
   308  0007B8  0E1A               	movlw	low STR_2
   309  0007BA  6E41               	movwf	printf@fmt,c
   310  0007BC  0E06               	movlw	high STR_2
   311  0007BE  6E42               	movwf	printf@fmt+1,c
   312  0007C0  EC06  F004         	call	_printf	;wreg free
   313                           
   314                           ;main.c: 94:         DHT11start();
   315  0007C4  EC19  F004         	call	_DHT11start	;wreg free
   316                           
   317                           ;main.c: 95:         responseWait();
   318  0007C8  EC37  F004         	call	_responseWait	;wreg free
   319                           
   320                           ;main.c: 102:         _delay((unsigned long)((1000)*(4000000/4000.0)));
   321  0007CC  0E06               	movlw	6
   322  0007CE  6E48               	movwf	(??_main+1)& (0+255),c
   323  0007D0  0E13               	movlw	19
   324  0007D2  6E47               	movwf	??_main& (0+255),c
   325  0007D4  0EAE               	movlw	174
   326  0007D6                     u297:
   327  0007D6  2EE8               	decfsz	wreg,f,c
   328  0007D8  D7FE               	bra	u297
   329  0007DA  2E47               	decfsz	??_main& (0+255),f,c
   330  0007DC  D7FC               	bra	u297
   331  0007DE  2E48               	decfsz	(??_main+1)& (0+255),f,c
   332  0007E0  D7FA               	bra	u297
   333  0007E2  D7EA               	goto	l1076
   334  0007E4                     __end_of_main:
   335                           	opt callstack 0
   336                           
   337 ;; *************** function _systemInitialize *****************
   338 ;; Defined at:
   339 ;;		line 36 in file "main.c"
   340 ;; Parameters:    Size  Location     Type
   341 ;;		None
   342 ;; Auto vars:     Size  Location     Type
   343 ;;		None
   344 ;; Return value:  Size  Location     Type
   345 ;;                  1    wreg      void 
   346 ;; Registers used:
   347 ;;		wreg, status,2, cstack
   348 ;; Tracked objects:
   349 ;;		On entry : 0/0
   350 ;;		On exit  : 0/0
   351 ;;		Unchanged: 0/0
   352 ;; Data sizes:     COMRAM   BANK0   BANK1   BANK2   BANK3   BANK4   BANK5
   353 ;;      Params:         0       0       0       0       0       0       0
   354 ;;      Locals:         0       0       0       0       0       0       0
   355 ;;      Temps:          0       0       0       0       0       0       0
   356 ;;      Totals:         0       0       0       0       0       0       0
   357 ;;Total ram usage:        0 bytes
   358 ;; Hardware stack levels used:    1
   359 ;; Hardware stack levels required when called:    1
   360 ;; This function calls:
   361 ;;		_adcConfig
   362 ;;		_portConfig
   363 ;;		_serialComm
   364 ;;		_set_osc_p18f45k22_4MHz
   365 ;; This function is called by:
   366 ;;		_main
   367 ;; This function uses a non-reentrant model
   368 ;;
   369                           
   370                           	psect	text1
   371  000888                     __ptext1:
   372                           	opt callstack 0
   373  000888                     _systemInitialize:
   374                           	opt callstack 29
   375                           
   376                           ;main.c: 38:  set_osc_p18f45k22_4MHz();
   377                           
   378                           ;incstack = 0
   379  000888  EC4D  F004         	call	_set_osc_p18f45k22_4MHz	;wreg free
   380                           
   381                           ;main.c: 39:  portConfig();
   382  00088C  ECF2  F003         	call	_portConfig	;wreg free
   383                           
   384                           ;main.c: 40:  serialComm();
   385  000890  EC56  F004         	call	_serialComm	;wreg free
   386                           
   387                           ;main.c: 41:     adcConfig();
   388  000894  EC5F  F004         	call	_adcConfig	;wreg free
   389  000898  0012               	return		;funcret
   390  00089A                     __end_of_systemInitialize:
   391                           	opt callstack 0
   392                           
   393 ;; *************** function _set_osc_p18f45k22_4MHz *****************
   394 ;; Defined at:
   395 ;;		line 27 in file "./myConfig.h"
   396 ;; Parameters:    Size  Location     Type
   397 ;;		None
   398 ;; Auto vars:     Size  Location     Type
   399 ;;		None
   400 ;; Return value:  Size  Location     Type
   401 ;;                  1    wreg      void 
   402 ;; Registers used:
   403 ;;		wreg, status,2
   404 ;; Tracked objects:
   405 ;;		On entry : 0/0
   406 ;;		On exit  : 0/0
   407 ;;		Unchanged: 0/0
   408 ;; Data sizes:     COMRAM   BANK0   BANK1   BANK2   BANK3   BANK4   BANK5
   409 ;;      Params:         0       0       0       0       0       0       0
   410 ;;      Locals:         0       0       0       0       0       0       0
   411 ;;      Temps:          0       0       0       0       0       0       0
   412 ;;      Totals:         0       0       0       0       0       0       0
   413 ;;Total ram usage:        0 bytes
   414 ;; Hardware stack levels used:    1
   415 ;; This function calls:
   416 ;;		Nothing
   417 ;; This function is called by:
   418 ;;		_systemInitialize
   419 ;; This function uses a non-reentrant model
   420 ;;
   421                           
   422                           	psect	text2
   423  00089A                     __ptext2:
   424                           	opt callstack 0
   425  00089A                     _set_osc_p18f45k22_4MHz:
   426                           	opt callstack 29
   427                           
   428                           ;./myConfig.h: 29:  OSCCON = 0x52;
   429                           
   430                           ;incstack = 0
   431  00089A  0E52               	movlw	82
   432  00089C  6ED3               	movwf	4051,c	;volatile
   433                           
   434                           ;./myConfig.h: 30:  OSCCON2 = 0x04;
   435  00089E  0E04               	movlw	4
   436  0008A0  6ED2               	movwf	4050,c	;volatile
   437                           
   438                           ;./myConfig.h: 31:  OSCTUNE = 0x80;
   439  0008A2  0E80               	movlw	128
   440  0008A4  6E9B               	movwf	3995,c	;volatile
   441  0008A6                     l63:
   442  0008A6  B4D3               	btfsc	4051,2,c	;volatile
   443  0008A8  0012               	return	
   444  0008AA  D7FD               	goto	l63
   445  0008AC                     __end_of_set_osc_p18f45k22_4MHz:
   446                           	opt callstack 0
   447                           
   448 ;; *************** function _serialComm *****************
   449 ;; Defined at:
   450 ;;		line 94 in file "./myConfig.h"
   451 ;; Parameters:    Size  Location     Type
   452 ;;		None
   453 ;; Auto vars:     Size  Location     Type
   454 ;;		None
   455 ;; Return value:  Size  Location     Type
   456 ;;                  1    wreg      void 
   457 ;; Registers used:
   458 ;;		wreg, status,2
   459 ;; Tracked objects:
   460 ;;		On entry : 0/0
   461 ;;		On exit  : 0/0
   462 ;;		Unchanged: 0/0
   463 ;; Data sizes:     COMRAM   BANK0   BANK1   BANK2   BANK3   BANK4   BANK5
   464 ;;      Params:         0       0       0       0       0       0       0
   465 ;;      Locals:         0       0       0       0       0       0       0
   466 ;;      Temps:          0       0       0       0       0       0       0
   467 ;;      Totals:         0       0       0       0       0       0       0
   468 ;;Total ram usage:        0 bytes
   469 ;; Hardware stack levels used:    1
   470 ;; This function calls:
   471 ;;		Nothing
   472 ;; This function is called by:
   473 ;;		_systemInitialize
   474 ;; This function uses a non-reentrant model
   475 ;;
   476                           
   477                           	psect	text3
   478  0008AC                     __ptext3:
   479                           	opt callstack 0
   480  0008AC                     _serialComm:
   481                           	opt callstack 29
   482                           
   483                           ;./myConfig.h: 96:  RCSTA1 = 0x90;
   484                           
   485                           ;incstack = 0
   486  0008AC  0E90               	movlw	144
   487  0008AE  6EAB               	movwf	4011,c	;volatile
   488                           
   489                           ;./myConfig.h: 97:  TXSTA1 = 0x26;
   490  0008B0  0E26               	movlw	38
   491  0008B2  6EAC               	movwf	4012,c	;volatile
   492                           
   493                           ;./myConfig.h: 98:  BAUDCON1 = 0x40;
   494  0008B4  0E40               	movlw	64
   495  0008B6  6EB8               	movwf	4024,c	;volatile
   496                           
   497                           ;./myConfig.h: 100:     SPBRG1 = 25;
   498  0008B8  0E19               	movlw	25
   499  0008BA  6EAF               	movwf	4015,c	;volatile
   500  0008BC  0012               	return		;funcret
   501  0008BE                     __end_of_serialComm:
   502                           	opt callstack 0
   503                           
   504 ;; *************** function _portConfig *****************
   505 ;; Defined at:
   506 ;;		line 64 in file "./myConfig.h"
   507 ;; Parameters:    Size  Location     Type
   508 ;;		None
   509 ;; Auto vars:     Size  Location     Type
   510 ;;		None
   511 ;; Return value:  Size  Location     Type
   512 ;;                  1    wreg      void 
   513 ;; Registers used:
   514 ;;		wreg, status,2
   515 ;; Tracked objects:
   516 ;;		On entry : 0/0
   517 ;;		On exit  : 0/0
   518 ;;		Unchanged: 0/0
   519 ;; Data sizes:     COMRAM   BANK0   BANK1   BANK2   BANK3   BANK4   BANK5
   520 ;;      Params:         0       0       0       0       0       0       0
   521 ;;      Locals:         0       0       0       0       0       0       0
   522 ;;      Temps:          0       0       0       0       0       0       0
   523 ;;      Totals:         0       0       0       0       0       0       0
   524 ;;Total ram usage:        0 bytes
   525 ;; Hardware stack levels used:    1
   526 ;; This function calls:
   527 ;;		Nothing
   528 ;; This function is called by:
   529 ;;		_systemInitialize
   530 ;; This function uses a non-reentrant model
   531 ;;
   532                           
   533                           	psect	text4
   534  0007E4                     __ptext4:
   535                           	opt callstack 0
   536  0007E4                     _portConfig:
   537                           	opt callstack 29
   538                           
   539                           ;./myConfig.h: 67:  ANSELA = 0x01;
   540                           
   541                           ;incstack = 0
   542  0007E4  0E01               	movlw	1
   543  0007E6  010F               	movlb	15	; () banked
   544  0007E8  6F38               	movwf	56,b	;volatile
   545                           
   546                           ;./myConfig.h: 68:  LATA = 0x00;
   547  0007EA  0E00               	movlw	0
   548  0007EC  6E89               	movwf	3977,c	;volatile
   549                           
   550                           ; BSR set to: 15
   551                           ;./myConfig.h: 69:  TRISA = 0xFF;
   552  0007EE  6892               	setf	3986,c	;volatile
   553                           
   554                           ;./myConfig.h: 71:  ANSELB = 0x00;
   555  0007F0  0E00               	movlw	0
   556  0007F2  6F39               	movwf	57,b	;volatile
   557                           
   558                           ;./myConfig.h: 72:  LATB = 0x00;
   559  0007F4  0E00               	movlw	0
   560  0007F6  6E8A               	movwf	3978,c	;volatile
   561                           
   562                           ;./myConfig.h: 73:  TRISB = 0x00;
   563  0007F8  0E00               	movlw	0
   564  0007FA  6E93               	movwf	3987,c	;volatile
   565                           
   566                           ;./myConfig.h: 75:  ANSELD = 0x00;
   567  0007FC  0E00               	movlw	0
   568  0007FE  6F3B               	movwf	59,b	;volatile
   569                           
   570                           ;./myConfig.h: 76:  LATD = 0x00;
   571  000800  0E00               	movlw	0
   572  000802  6E8C               	movwf	3980,c	;volatile
   573                           
   574                           ; BSR set to: 15
   575                           ;./myConfig.h: 77:  TRISD = 0xFF;
   576  000804  6895               	setf	3989,c	;volatile
   577                           
   578                           ; BSR set to: 15
   579                           ;./myConfig.h: 80:  TRISCbits.TRISC6 = 1;
   580  000806  8C94               	bsf	3988,6,c	;volatile
   581                           
   582                           ; BSR set to: 15
   583                           ;./myConfig.h: 81:  TRISCbits.TRISC7 = 1;
   584  000808  8E94               	bsf	3988,7,c	;volatile
   585                           
   586                           ; BSR set to: 15
   587  00080A  0012               	return		;funcret
   588  00080C                     __end_of_portConfig:
   589                           	opt callstack 0
   590                           
   591 ;; *************** function _adcConfig *****************
   592 ;; Defined at:
   593 ;;		line 126 in file "./myConfig.h"
   594 ;; Parameters:    Size  Location     Type
   595 ;;		None
   596 ;; Auto vars:     Size  Location     Type
   597 ;;		None
   598 ;; Return value:  Size  Location     Type
   599 ;;                  1    wreg      void 
   600 ;; Registers used:
   601 ;;		wreg, status,2
   602 ;; Tracked objects:
   603 ;;		On entry : 0/0
   604 ;;		On exit  : 0/0
   605 ;;		Unchanged: 0/0
   606 ;; Data sizes:     COMRAM   BANK0   BANK1   BANK2   BANK3   BANK4   BANK5
   607 ;;      Params:         0       0       0       0       0       0       0
   608 ;;      Locals:         0       0       0       0       0       0       0
   609 ;;      Temps:          0       0       0       0       0       0       0
   610 ;;      Totals:         0       0       0       0       0       0       0
   611 ;;Total ram usage:        0 bytes
   612 ;; Hardware stack levels used:    1
   613 ;; This function calls:
   614 ;;		Nothing
   615 ;; This function is called by:
   616 ;;		_systemInitialize
   617 ;; This function uses a non-reentrant model
   618 ;;
   619                           
   620                           	psect	text5
   621  0008BE                     __ptext5:
   622                           	opt callstack 0
   623  0008BE                     _adcConfig:
   624                           	opt callstack 29
   625                           
   626                           ;./myConfig.h: 128:     ADCON0 = 0x01;
   627                           
   628                           ; BSR set to: 15
   629                           ;incstack = 0
   630  0008BE  0E01               	movlw	1
   631  0008C0  6EC2               	movwf	4034,c	;volatile
   632                           
   633                           ;./myConfig.h: 129:     ADCON1 = 0x00;
   634  0008C2  0E00               	movlw	0
   635  0008C4  6EC1               	movwf	4033,c	;volatile
   636                           
   637                           ;./myConfig.h: 130:     ADCON2 = 0xC0;
   638  0008C6  0EC0               	movlw	192
   639  0008C8  6EC0               	movwf	4032,c	;volatile
   640  0008CA  0012               	return		;funcret
   641  0008CC                     __end_of_adcConfig:
   642                           	opt callstack 0
   643                           
   644 ;; *************** function _responseWait *****************
   645 ;; Defined at:
   646 ;;		line 57 in file "main.c"
   647 ;; Parameters:    Size  Location     Type
   648 ;;		None
   649 ;; Auto vars:     Size  Location     Type
   650 ;;		None
   651 ;; Return value:  Size  Location     Type
   652 ;;                  1    wreg      void 
   653 ;; Registers used:
   654 ;;		wreg, fsr1l, fsr1h, fsr2l, fsr2h, status,2, status,0, tblptrl, tblptrh, tblptru, cstack
   655 ;; Tracked objects:
   656 ;;		On entry : 0/0
   657 ;;		On exit  : 0/0
   658 ;;		Unchanged: 0/0
   659 ;; Data sizes:     COMRAM   BANK0   BANK1   BANK2   BANK3   BANK4   BANK5
   660 ;;      Params:         0       0       0       0       0       0       0
   661 ;;      Locals:         0       0       0       0       0       0       0
   662 ;;      Temps:          0       0       0       0       0       0       0
   663 ;;      Totals:         0       0       0       0       0       0       0
   664 ;;Total ram usage:        0 bytes
   665 ;; Hardware stack levels used:    1
   666 ;; Hardware stack levels required when called:    5
   667 ;; This function calls:
   668 ;;		_printf
   669 ;; This function is called by:
   670 ;;		_main
   671 ;; This function uses a non-reentrant model
   672 ;;
   673                           
   674                           	psect	text6
   675  00086E                     __ptext6:
   676                           	opt callstack 0
   677  00086E                     _responseWait:
   678                           	opt callstack 25
   679                           
   680                           ;main.c: 59:     while(PORTAbits.RA1);
   681                           
   682                           ;incstack = 0
   683  00086E  B280               	btfsc	3968,1,c	;volatile
   684  000870  D7FE               	goto	_responseWait
   685  000872                     u260:
   686  000872  A280               	btfss	3968,1,c	;volatile
   687  000874  D7FE               	goto	u260
   688  000876                     u270:
   689  000876  B280               	btfsc	3968,1,c	;volatile
   690  000878  D7FE               	goto	u270
   691                           
   692                           ;main.c: 62:     printf("DHT Response received!\n\r");
   693  00087A  0E01               	movlw	low STR_1
   694  00087C  6E41               	movwf	printf@fmt,c
   695  00087E  0E06               	movlw	high STR_1
   696  000880  6E42               	movwf	printf@fmt+1,c
   697  000882  EC06  F004         	call	_printf	;wreg free
   698  000886  0012               	return		;funcret
   699  000888                     __end_of_responseWait:
   700                           	opt callstack 0
   701                           
   702 ;; *************** function _printf *****************
   703 ;; Defined at:
   704 ;;		line 5 in file "C:\Program Files (x86)\Microchip\xc8\v2.05\pic\sources\c99\common\printf.c"
   705 ;; Parameters:    Size  Location     Type
   706 ;;  fmt             2   24[COMRAM] PTR const unsigned char 
   707 ;;		 -> STR_2(12), STR_1(25), 
   708 ;; Auto vars:     Size  Location     Type
   709 ;;  ap              2   28[COMRAM] PTR void [1]
   710 ;;		 -> ?_printf(2), 
   711 ;;  ret             2    0        int 
   712 ;; Return value:  Size  Location     Type
   713 ;;                  2   24[COMRAM] int 
   714 ;; Registers used:
   715 ;;		wreg, fsr1l, fsr1h, fsr2l, fsr2h, status,2, status,0, tblptrl, tblptrh, tblptru, cstack
   716 ;; Tracked objects:
   717 ;;		On entry : 0/0
   718 ;;		On exit  : 0/0
   719 ;;		Unchanged: 0/0
   720 ;; Data sizes:     COMRAM   BANK0   BANK1   BANK2   BANK3   BANK4   BANK5
   721 ;;      Params:         2       0       0       0       0       0       0
   722 ;;      Locals:         4       0       0       0       0       0       0
   723 ;;      Temps:          0       0       0       0       0       0       0
   724 ;;      Totals:         6       0       0       0       0       0       0
   725 ;;Total ram usage:        6 bytes
   726 ;; Hardware stack levels used:    1
   727 ;; Hardware stack levels required when called:    4
   728 ;; This function calls:
   729 ;;		_vfprintf
   730 ;; This function is called by:
   731 ;;		_responseWait
   732 ;;		_main
   733 ;; This function uses a non-reentrant model
   734 ;;
   735                           
   736                           	psect	text7
   737  00080C                     __ptext7:
   738                           	opt callstack 0
   739  00080C                     _printf:
   740                           	opt callstack 25
   741                           
   742                           ;incstack = 0
   743  00080C  0E43               	movlw	low (?_printf+2)
   744  00080E  6E45               	movwf	printf@ap,c
   745  000810  0E00               	movlw	high (?_printf+2)
   746  000812  6E46               	movwf	printf@ap+1,c
   747  000814  0E00               	movlw	0
   748  000816  6E39               	movwf	vfprintf@fp,c
   749  000818  0E00               	movlw	0
   750  00081A  6E3A               	movwf	vfprintf@fp+1,c
   751  00081C  C041  F03B         	movff	printf@fmt,vfprintf@fmt
   752  000820  C042  F03C         	movff	printf@fmt+1,vfprintf@fmt+1
   753  000824  0E45               	movlw	low printf@ap
   754  000826  6E3D               	movwf	vfprintf@ap,c
   755  000828  0E00               	movlw	high printf@ap
   756  00082A  6E3E               	movwf	vfprintf@ap+1,c
   757  00082C  ECB1  F003         	call	_vfprintf	;wreg free
   758  000830  0012               	return		;funcret
   759  000832                     __end_of_printf:
   760                           	opt callstack 0
   761                           
   762 ;; *************** function _vfprintf *****************
   763 ;; Defined at:
   764 ;;		line 1368 in file "C:\Program Files (x86)\Microchip\xc8\v2.05\pic\sources\c99\common\doprnt.c"
   765 ;; Parameters:    Size  Location     Type
   766 ;;  fp              2   16[COMRAM] PTR struct _IO_FILE
   767 ;;		 -> NULL(0), 
   768 ;;  fmt             2   18[COMRAM] PTR const unsigned char 
   769 ;;		 -> STR_2(12), STR_1(25), 
   770 ;;  ap              2   20[COMRAM] PTR PTR void 
   771 ;;		 -> printf@ap(2), 
   772 ;; Auto vars:     Size  Location     Type
   773 ;;  cfmt            2   22[COMRAM] PTR unsigned char 
   774 ;;		 -> STR_2(12), STR_1(25), 
   775 ;; Return value:  Size  Location     Type
   776 ;;                  2   16[COMRAM] int 
   777 ;; Registers used:
   778 ;;		wreg, fsr1l, fsr1h, fsr2l, fsr2h, status,2, status,0, tblptrl, tblptrh, tblptru, cstack
   779 ;; Tracked objects:
   780 ;;		On entry : 0/0
   781 ;;		On exit  : 0/0
   782 ;;		Unchanged: 0/0
   783 ;; Data sizes:     COMRAM   BANK0   BANK1   BANK2   BANK3   BANK4   BANK5
   784 ;;      Params:         6       0       0       0       0       0       0
   785 ;;      Locals:         2       0       0       0       0       0       0
   786 ;;      Temps:          0       0       0       0       0       0       0
   787 ;;      Totals:         8       0       0       0       0       0       0
   788 ;;Total ram usage:        8 bytes
   789 ;; Hardware stack levels used:    1
   790 ;; Hardware stack levels required when called:    3
   791 ;; This function calls:
   792 ;;		_vfpfcnvrt
   793 ;; This function is called by:
   794 ;;		_printf
   795 ;; This function uses a non-reentrant model
   796 ;;
   797                           
   798                           	psect	text8
   799  000762                     __ptext8:
   800                           	opt callstack 0
   801  000762                     _vfprintf:
   802                           	opt callstack 25
   803                           
   804                           ;C:\Program Files (x86)\Microchip\xc8\v2.05\pic\sources\c99\common\doprnt.c: 1368: int v
      +                          fprintf(FILE *fp, const char *fmt, va_list ap);C:\Program Files (x86)\Microchip\xc8\v2.0
      +                          5\pic\sources\c99\common\doprnt.c: 1369: {;C:\Program Files (x86)\Microchip\xc8\v2.05\pi
      +                          c\sources\c99\common\doprnt.c: 1371:     char *cfmt;;C:\Program Files (x86)\Microchip\xc
      +                          8\v2.05\pic\sources\c99\common\doprnt.c: 1373:     cfmt = (char *)fmt;
   805                           
   806                           ;incstack = 0
   807  000762  C03B  F03F         	movff	vfprintf@fmt,vfprintf@cfmt
   808  000766  C03C  F040         	movff	vfprintf@fmt+1,vfprintf@cfmt+1
   809                           
   810                           ;C:\Program Files (x86)\Microchip\xc8\v2.05\pic\sources\c99\common\doprnt.c: 1374:     n
      +                          out = 0;
   811  00076A  0E00               	movlw	0
   812  00076C  6E22               	movwf	_nout+1,c
   813  00076E  0E00               	movlw	0
   814  000770  6E21               	movwf	_nout,c
   815                           
   816                           ;C:\Program Files (x86)\Microchip\xc8\v2.05\pic\sources\c99\common\doprnt.c: 1375:     w
      +                          hile (*cfmt) {
   817  000772  D012               	goto	l1062
   818  000774                     l1060:
   819                           
   820                           ;C:\Program Files (x86)\Microchip\xc8\v2.05\pic\sources\c99\common\doprnt.c: 1376:      
      +                             nout += vfpfcnvrt(fp, &cfmt, ap);
   821  000774  C039  F033         	movff	vfprintf@fp,vfpfcnvrt@fp
   822  000778  C03A  F034         	movff	vfprintf@fp+1,vfpfcnvrt@fp+1
   823  00077C  0E3F               	movlw	low vfprintf@cfmt
   824  00077E  6E35               	movwf	vfpfcnvrt@fmt,c
   825  000780  0E00               	movlw	high vfprintf@cfmt
   826  000782  6E36               	movwf	vfpfcnvrt@fmt+1,c
   827  000784  C03D  F037         	movff	vfprintf@ap,vfpfcnvrt@ap
   828  000788  C03E  F038         	movff	vfprintf@ap+1,vfpfcnvrt@ap+1
   829  00078C  EC14  F003         	call	_vfpfcnvrt	;wreg free
   830  000790  5033               	movf	?_vfpfcnvrt,w,c
   831  000792  2621               	addwf	_nout,f,c
   832  000794  5034               	movf	?_vfpfcnvrt+1,w,c
   833  000796  2222               	addwfc	_nout+1,f,c
   834  000798                     l1062:
   835                           
   836                           ;C:\Program Files (x86)\Microchip\xc8\v2.05\pic\sources\c99\common\doprnt.c: 1375:     w
      +                          hile (*cfmt) {
   837  000798  C03F  FFF6         	movff	vfprintf@cfmt,tblptrl
   838  00079C  C040  FFF7         	movff	vfprintf@cfmt+1,tblptrh
   839  0007A0                     	if	0	;tblptru may be non-zero
   840  0007A0                     	endif
   841  0007A0                     	if	0	;tblptru may be non-zero
   842  0007A0                     	endif
   843  0007A0  0008               	tblrd		*
   844  0007A2  50F5               	movf	tablat,w,c
   845  0007A4  0900               	iorlw	0
   846  0007A6  A4D8               	btfss	status,2,c
   847  0007A8  D7E5               	goto	l1060
   848                           
   849                           ;C:\Program Files (x86)\Microchip\xc8\v2.05\pic\sources\c99\common\doprnt.c: 1378:     r
      +                          eturn nout;
   850  0007AA  C021  F039         	movff	_nout,?_vfprintf
   851  0007AE  C022  F03A         	movff	_nout+1,?_vfprintf+1
   852  0007B2  0012               	return		;funcret
   853  0007B4                     __end_of_vfprintf:
   854                           	opt callstack 0
   855                           
   856 ;; *************** function _vfpfcnvrt *****************
   857 ;; Defined at:
   858 ;;		line 670 in file "C:\Program Files (x86)\Microchip\xc8\v2.05\pic\sources\c99\common\doprnt.c"
   859 ;; Parameters:    Size  Location     Type
   860 ;;  fp              2   10[COMRAM] PTR struct _IO_FILE
   861 ;;		 -> NULL(0), 
   862 ;;  fmt             2   12[COMRAM] PTR PTR unsigned char 
   863 ;;		 -> vfprintf@cfmt(2), 
   864 ;;  ap              2   14[COMRAM] PTR PTR void 
   865 ;;		 -> printf@ap(2), 
   866 ;; Auto vars:     Size  Location     Type
   867 ;;  llu             8    0        unsigned long long 
   868 ;;  ll              8    0        long long 
   869 ;;  f               4    0        long long 
   870 ;;  vp              3    0        PTR void 
   871 ;;  ct              3    0        unsigned char [3]
   872 ;;  cp              3    0        PTR unsigned char 
   873 ;;  i               2    0        int 
   874 ;;  done            2    0        int 
   875 ;;  c               1    0        unsigned char 
   876 ;; Return value:  Size  Location     Type
   877 ;;                  2   10[COMRAM] int 
   878 ;; Registers used:
   879 ;;		wreg, fsr1l, fsr1h, fsr2l, fsr2h, status,2, status,0, tblptrl, tblptrh, tblptru, cstack
   880 ;; Tracked objects:
   881 ;;		On entry : 0/0
   882 ;;		On exit  : 0/0
   883 ;;		Unchanged: 0/0
   884 ;; Data sizes:     COMRAM   BANK0   BANK1   BANK2   BANK3   BANK4   BANK5
   885 ;;      Params:         6       0       0       0       0       0       0
   886 ;;      Locals:         0       0       0       0       0       0       0
   887 ;;      Temps:          0       0       0       0       0       0       0
   888 ;;      Totals:         6       0       0       0       0       0       0
   889 ;;Total ram usage:        6 bytes
   890 ;; Hardware stack levels used:    1
   891 ;; Hardware stack levels required when called:    2
   892 ;; This function calls:
   893 ;;		_fputc
   894 ;; This function is called by:
   895 ;;		_vfprintf
   896 ;; This function uses a non-reentrant model
   897 ;;
   898                           
   899                           	psect	text9
   900  000628                     __ptext9:
   901                           	opt callstack 0
   902  000628                     _vfpfcnvrt:
   903                           	opt callstack 25
   904                           
   905                           ;C:\Program Files (x86)\Microchip\xc8\v2.05\pic\sources\c99\common\doprnt.c: 670: static
      +                           int vfpfcnvrt(FILE *fp, char *fmt[], va_list ap);C:\Program Files (x86)\Microchip\xc8\v
      +                          2.05\pic\sources\c99\common\doprnt.c: 671: {;C:\Program Files (x86)\Microchip\xc8\v2.05\
      +                          pic\sources\c99\common\doprnt.c: 672:     char c, *cp, ct[3];;C:\Program Files (x86)\Mic
      +                          rochip\xc8\v2.05\pic\sources\c99\common\doprnt.c: 673:     int done, i;;C:\Program Files
      +                           (x86)\Microchip\xc8\v2.05\pic\sources\c99\common\doprnt.c: 674:     long long ll;
   906                           
   907                           ;incstack = 0
   908  000628  C035  FFD9         	movff	vfpfcnvrt@fmt,fsr2l
   909  00062C  C036  FFDA         	movff	vfpfcnvrt@fmt+1,fsr2h
   910  000630  CFDE FFF6          	movff	postinc2,tblptrl
   911  000634  CFDD FFF7          	movff	postdec2,tblptrh
   912  000638                     	if	0	;tblptru may be non-zero
   913  000638                     	endif
   914  000638                     	if	0	;tblptru may be non-zero
   915  000638                     	endif
   916  000638  0008               	tblrd		*
   917  00063A  50F5               	movf	tablat,w,c
   918  00063C  0A25               	xorlw	37
   919  00063E  A4D8               	btfss	status,2,c
   920  000640  D040               	goto	l1048
   921                           
   922                           ;C:\Program Files (x86)\Microchip\xc8\v2.05\pic\sources\c99\common\doprnt.c: 681:       
      +                            ++*fmt;
   923  000642  C035  FFD9         	movff	vfpfcnvrt@fmt,fsr2l
   924  000646  C036  FFDA         	movff	vfpfcnvrt@fmt+1,fsr2h
   925  00064A  2ADE               	incf	postinc2,f,c
   926  00064C  0E00               	movlw	0
   927  00064E  22DD               	addwfc	postdec2,f,c
   928                           
   929                           ;C:\Program Files (x86)\Microchip\xc8\v2.05\pic\sources\c99\common\doprnt.c: 683:       
      +                            flags = width = 0;
   930  000650  0E00               	movlw	0
   931  000652  6E24               	movwf	_width+1,c
   932  000654  0E00               	movlw	0
   933  000656  6E23               	movwf	_width,c
   934  000658  C023  F027         	movff	_width,_flags
   935  00065C  C024  F028         	movff	_width+1,_flags+1
   936                           
   937                           ;C:\Program Files (x86)\Microchip\xc8\v2.05\pic\sources\c99\common\doprnt.c: 684:       
      +                            prec = -1;
   938  000660  6825               	setf	_prec,c
   939  000662  6826               	setf	_prec+1,c
   940                           
   941                           ;C:\Program Files (x86)\Microchip\xc8\v2.05\pic\sources\c99\common\doprnt.c: 1350:      
      +                             if ((*fmt)[0] == '%') {
   942  000664  C035  FFD9         	movff	vfpfcnvrt@fmt,fsr2l
   943  000668  C036  FFDA         	movff	vfpfcnvrt@fmt+1,fsr2h
   944  00066C  CFDE FFF6          	movff	postinc2,tblptrl
   945  000670  CFDD FFF7          	movff	postdec2,tblptrh
   946  000674                     	if	0	;tblptru may be non-zero
   947  000674                     	endif
   948  000674                     	if	0	;tblptru may be non-zero
   949  000674                     	endif
   950  000674  0008               	tblrd		*
   951  000676  50F5               	movf	tablat,w,c
   952  000678  0A25               	xorlw	37
   953  00067A  A4D8               	btfss	status,2,c
   954  00067C  D016               	goto	l1042
   955                           
   956                           ;C:\Program Files (x86)\Microchip\xc8\v2.05\pic\sources\c99\common\doprnt.c: 1351:      
      +                                 ++*fmt;
   957  00067E  C035  FFD9         	movff	vfpfcnvrt@fmt,fsr2l
   958  000682  C036  FFDA         	movff	vfpfcnvrt@fmt+1,fsr2h
   959  000686  2ADE               	incf	postinc2,f,c
   960  000688  0E00               	movlw	0
   961  00068A  22DD               	addwfc	postdec2,f,c
   962                           
   963                           ;C:\Program Files (x86)\Microchip\xc8\v2.05\pic\sources\c99\common\doprnt.c: 1352:      
      +                                 fputc((int)'%', fp);
   964  00068C  0E00               	movlw	0
   965  00068E  6E2B               	movwf	fputc@c+1,c
   966  000690  0E25               	movlw	37
   967  000692  6E2A               	movwf	fputc@c,c
   968  000694  C033  F02C         	movff	vfpfcnvrt@fp,fputc@fp
   969  000698  C034  F02D         	movff	vfpfcnvrt@fp+1,fputc@fp+1
   970  00069C  EC7B  F003         	call	_fputc	;wreg free
   971  0006A0                     l1038:
   972                           
   973                           ;C:\Program Files (x86)\Microchip\xc8\v2.05\pic\sources\c99\common\doprnt.c: 1353:      
      +                                 return 1;
   974  0006A0  0E00               	movlw	0
   975  0006A2  6E34               	movwf	?_vfpfcnvrt+1,c
   976  0006A4  0E01               	movlw	1
   977  0006A6  6E33               	movwf	?_vfpfcnvrt,c
   978  0006A8  0012               	return	
   979  0006AA                     l1042:
   980                           
   981                           ;C:\Program Files (x86)\Microchip\xc8\v2.05\pic\sources\c99\common\doprnt.c: 1357:      
      +                             ++*fmt;
   982  0006AA  C035  FFD9         	movff	vfpfcnvrt@fmt,fsr2l
   983  0006AE  C036  FFDA         	movff	vfpfcnvrt@fmt+1,fsr2h
   984  0006B2  2ADE               	incf	postinc2,f,c
   985  0006B4  0E00               	movlw	0
   986  0006B6  22DD               	addwfc	postdec2,f,c
   987                           
   988                           ;C:\Program Files (x86)\Microchip\xc8\v2.05\pic\sources\c99\common\doprnt.c: 1358:      
      +                             return 0;
   989  0006B8  0E00               	movlw	0
   990  0006BA  6E34               	movwf	?_vfpfcnvrt+1,c
   991  0006BC  0E00               	movlw	0
   992  0006BE  6E33               	movwf	?_vfpfcnvrt,c
   993  0006C0  0012               	return	
   994  0006C2                     l1048:
   995                           
   996                           ;C:\Program Files (x86)\Microchip\xc8\v2.05\pic\sources\c99\common\doprnt.c: 1362:     f
      +                          putc((int)(*fmt)[0], fp);
   997  0006C2  C035  FFD9         	movff	vfpfcnvrt@fmt,fsr2l
   998  0006C6  C036  FFDA         	movff	vfpfcnvrt@fmt+1,fsr2h
   999  0006CA  CFDE FFF6          	movff	postinc2,tblptrl
  1000  0006CE  CFDD FFF7          	movff	postdec2,tblptrh
  1001  0006D2                     	if	0	;tblptru may be non-zero
  1002  0006D2                     	endif
  1003  0006D2                     	if	0	;tblptru may be non-zero
  1004  0006D2                     	endif
  1005  0006D2  0008               	tblrd		*
  1006  0006D4  50F5               	movf	tablat,w,c
  1007  0006D6  6E2A               	movwf	fputc@c,c
  1008  0006D8  6A2B               	clrf	fputc@c+1,c
  1009  0006DA  C033  F02C         	movff	vfpfcnvrt@fp,fputc@fp
  1010  0006DE  C034  F02D         	movff	vfpfcnvrt@fp+1,fputc@fp+1
  1011  0006E2  EC7B  F003         	call	_fputc	;wreg free
  1012                           
  1013                           ;C:\Program Files (x86)\Microchip\xc8\v2.05\pic\sources\c99\common\doprnt.c: 1363:     +
      +                          +*fmt;
  1014  0006E6  C035  FFD9         	movff	vfpfcnvrt@fmt,fsr2l
  1015  0006EA  C036  FFDA         	movff	vfpfcnvrt@fmt+1,fsr2h
  1016  0006EE  2ADE               	incf	postinc2,f,c
  1017  0006F0  0E00               	movlw	0
  1018  0006F2  22DD               	addwfc	postdec2,f,c
  1019  0006F4  D7D5               	goto	l1038
  1020  0006F6                     __end_of_vfpfcnvrt:
  1021                           	opt callstack 0
  1022                           
  1023 ;; *************** function _fputc *****************
  1024 ;; Defined at:
  1025 ;;		line 8 in file "C:\Program Files (x86)\Microchip\xc8\v2.05\pic\sources\c99\common\nf_fputc.c"
  1026 ;; Parameters:    Size  Location     Type
  1027 ;;  c               2    1[COMRAM] int 
  1028 ;;  fp              2    3[COMRAM] PTR struct _IO_FILE
  1029 ;;		 -> NULL(0), 
  1030 ;; Auto vars:     Size  Location     Type
  1031 ;;		None
  1032 ;; Return value:  Size  Location     Type
  1033 ;;                  2    1[COMRAM] int 
  1034 ;; Registers used:
  1035 ;;		wreg, fsr1l, fsr1h, fsr2l, fsr2h, status,2, status,0, cstack
  1036 ;; Tracked objects:
  1037 ;;		On entry : 0/0
  1038 ;;		On exit  : 0/0
  1039 ;;		Unchanged: 0/0
  1040 ;; Data sizes:     COMRAM   BANK0   BANK1   BANK2   BANK3   BANK4   BANK5
  1041 ;;      Params:         4       0       0       0       0       0       0
  1042 ;;      Locals:         0       0       0       0       0       0       0
  1043 ;;      Temps:          5       0       0       0       0       0       0
  1044 ;;      Totals:         9       0       0       0       0       0       0
  1045 ;;Total ram usage:        9 bytes
  1046 ;; Hardware stack levels used:    1
  1047 ;; Hardware stack levels required when called:    1
  1048 ;; This function calls:
  1049 ;;		_putch
  1050 ;; This function is called by:
  1051 ;;		_vfpfcnvrt
  1052 ;; This function uses a non-reentrant model
  1053 ;;
  1054                           
  1055                           	psect	text10
  1056  0006F6                     __ptext10:
  1057                           	opt callstack 0
  1058  0006F6                     _fputc:
  1059                           	opt callstack 25
  1060                           
  1061                           ;incstack = 0
  1062  0006F6  502C               	movf	fputc@fp,w,c
  1063  0006F8  102D               	iorwf	fputc@fp+1,w,c
  1064  0006FA  B4D8               	btfsc	status,2,c
  1065  0006FC  D004               	goto	u200
  1066  0006FE  502C               	movf	fputc@fp,w,c
  1067  000700  102D               	iorwf	fputc@fp+1,w,c
  1068  000702  A4D8               	btfss	status,2,c
  1069  000704  D004               	goto	l1016
  1070  000706                     u200:
  1071  000706  502A               	movf	fputc@c,w,c
  1072  000708  EC66  F004         	call	_putch
  1073  00070C  0012               	return	
  1074  00070E                     l1016:
  1075  00070E  EE20 F004          	lfsr	2,4
  1076  000712  502C               	movf	fputc@fp,w,c
  1077  000714  26D9               	addwf	fsr2l,f,c
  1078  000716  502D               	movf	fputc@fp+1,w,c
  1079  000718  22DA               	addwfc	fsr2h,f,c
  1080  00071A  50DE               	movf	postinc2,w,c
  1081  00071C  10DE               	iorwf	postinc2,w,c
  1082  00071E  B4D8               	btfsc	status,2,c
  1083  000720  D016               	goto	u220
  1084  000722  EE20 F004          	lfsr	2,4
  1085  000726  502C               	movf	fputc@fp,w,c
  1086  000728  26D9               	addwf	fsr2l,f,c
  1087  00072A  502D               	movf	fputc@fp+1,w,c
  1088  00072C  22DA               	addwfc	fsr2h,f,c
  1089  00072E  EE10 F002          	lfsr	1,2
  1090  000732  502C               	movf	fputc@fp,w,c
  1091  000734  26E1               	addwf	fsr1l,f,c
  1092  000736  502D               	movf	fputc@fp+1,w,c
  1093  000738  22E2               	addwfc	fsr1h,f,c
  1094  00073A  50DE               	movf	postinc2,w,c
  1095  00073C  5CE6               	subwf	postinc1,w,c
  1096  00073E  50E6               	movf	postinc1,w,c
  1097  000740  0A80               	xorlw	128
  1098  000742  6E32               	movwf	(??_fputc+4)& (0+255),c
  1099  000744  50DE               	movf	postinc2,w,c
  1100  000746  0A80               	xorlw	128
  1101  000748  5832               	subwfb	(??_fputc+4)& (0+255),w,c
  1102  00074A  B0D8               	btfsc	status,0,c
  1103  00074C  0012               	return	
  1104  00074E                     u220:
  1105  00074E  EE20 F002          	lfsr	2,2
  1106  000752  502C               	movf	fputc@fp,w,c
  1107  000754  26D9               	addwf	fsr2l,f,c
  1108  000756  502D               	movf	fputc@fp+1,w,c
  1109  000758  22DA               	addwfc	fsr2h,f,c
  1110  00075A  2ADE               	incf	postinc2,f,c
  1111  00075C  0E00               	movlw	0
  1112  00075E  22DD               	addwfc	postdec2,f,c
  1113  000760  0012               	return		;funcret
  1114  000762                     __end_of_fputc:
  1115                           	opt callstack 0
  1116                           
  1117 ;; *************** function _putch *****************
  1118 ;; Defined at:
  1119 ;;		line 112 in file "./myConfig.h"
  1120 ;; Parameters:    Size  Location     Type
  1121 ;;  data            1    wreg     unsigned char 
  1122 ;; Auto vars:     Size  Location     Type
  1123 ;;  data            1    0[COMRAM] unsigned char 
  1124 ;; Return value:  Size  Location     Type
  1125 ;;                  1    wreg      void 
  1126 ;; Registers used:
  1127 ;;		wreg
  1128 ;; Tracked objects:
  1129 ;;		On entry : 0/0
  1130 ;;		On exit  : 0/0
  1131 ;;		Unchanged: 0/0
  1132 ;; Data sizes:     COMRAM   BANK0   BANK1   BANK2   BANK3   BANK4   BANK5
  1133 ;;      Params:         0       0       0       0       0       0       0
  1134 ;;      Locals:         1       0       0       0       0       0       0
  1135 ;;      Temps:          0       0       0       0       0       0       0
  1136 ;;      Totals:         1       0       0       0       0       0       0
  1137 ;;Total ram usage:        1 bytes
  1138 ;; Hardware stack levels used:    1
  1139 ;; This function calls:
  1140 ;;		Nothing
  1141 ;; This function is called by:
  1142 ;;		_fputc
  1143 ;; This function uses a non-reentrant model
  1144 ;;
  1145                           
  1146                           	psect	text11
  1147  0008CC                     __ptext11:
  1148                           	opt callstack 0
  1149  0008CC                     _putch:
  1150                           	opt callstack 25
  1151                           
  1152                           ;incstack = 0
  1153                           ;putch@data stored from wreg
  1154  0008CC  6E29               	movwf	putch@data,c
  1155  0008CE                     
  1156                           ;./myConfig.h: 113:     while( ! PIR1bits.TXIF);
  1157  0008CE  A89E               	btfss	3998,4,c	;volatile
  1158  0008D0  D7FE               	goto	l880
  1159                           
  1160                           ;./myConfig.h: 114:     TXREG = data;
  1161  0008D2  C029  FFAD         	movff	putch@data,4013	;volatile
  1162  0008D6  0012               	return		;funcret
  1163  0008D8                     __end_of_putch:
  1164                           	opt callstack 0
  1165                           
  1166 ;; *************** function _DHT11start *****************
  1167 ;; Defined at:
  1168 ;;		line 45 in file "main.c"
  1169 ;; Parameters:    Size  Location     Type
  1170 ;;		None
  1171 ;; Auto vars:     Size  Location     Type
  1172 ;;		None
  1173 ;; Return value:  Size  Location     Type
  1174 ;;                  1    wreg      void 
  1175 ;; Registers used:
  1176 ;;		wreg
  1177 ;; Tracked objects:
  1178 ;;		On entry : 0/0
  1179 ;;		On exit  : 0/0
  1180 ;;		Unchanged: 0/0
  1181 ;; Data sizes:     COMRAM   BANK0   BANK1   BANK2   BANK3   BANK4   BANK5
  1182 ;;      Params:         0       0       0       0       0       0       0
  1183 ;;      Locals:         0       0       0       0       0       0       0
  1184 ;;      Temps:          1       0       0       0       0       0       0
  1185 ;;      Totals:         1       0       0       0       0       0       0
  1186 ;;Total ram usage:        1 bytes
  1187 ;; Hardware stack levels used:    1
  1188 ;; This function calls:
  1189 ;;		Nothing
  1190 ;; This function is called by:
  1191 ;;		_main
  1192 ;; This function uses a non-reentrant model
  1193 ;;
  1194                           
  1195                           	psect	text12
  1196  000832                     __ptext12:
  1197                           	opt callstack 0
  1198  000832                     _DHT11start:
  1199                           	opt callstack 30
  1200                           
  1201                           ;main.c: 47:     TRISAbits.TRISA1 = 0;
  1202                           
  1203                           ;incstack = 0
  1204  000832  9292               	bcf	3986,1,c	;volatile
  1205                           
  1206                           ;main.c: 49:     LATAbits.LATA1 = 0;
  1207  000834  9289               	bcf	3977,1,c	;volatile
  1208                           
  1209                           ;main.c: 50:     _delay((unsigned long)((18)*(4000000/4000.0)));
  1210  000836  0E18               	movlw	24
  1211  000838  6E29               	movwf	??_DHT11start& (0+255),c
  1212  00083A  0E5F               	movlw	95
  1213  00083C                     u307:
  1214  00083C  2EE8               	decfsz	wreg,f,c
  1215  00083E  D7FE               	bra	u307
  1216  000840  2E29               	decfsz	??_DHT11start& (0+255),f,c
  1217  000842  D7FC               	bra	u307
  1218  000844  F000               	nop	
  1219                           
  1220                           ;main.c: 52:     LATAbits.LATA1 = 1;
  1221  000846  8289               	bsf	3977,1,c	;volatile
  1222                           
  1223                           ;main.c: 53:     _delay((unsigned long)((10)*(4000000/4000000.0)));
  1224  000848  0E03               	movlw	3
  1225  00084A                     u317:
  1226  00084A  2EE8               	decfsz	wreg,f,c
  1227  00084C  D7FE               	bra	u317
  1228  00084E  F000               	nop	
  1229                           
  1230                           ;main.c: 54:     TRISAbits.TRISA1 = 1;
  1231  000850  8292               	bsf	3986,1,c	;volatile
  1232  000852  0012               	return		;funcret
  1233  000854                     __end_of_DHT11start:
  1234                           	opt callstack 0
  1235                           
  1236                           	psect	rparam
  1237  0000                     tosu	equ	0xFFF
  1238                           tosh	equ	0xFFE
  1239                           tosl	equ	0xFFD
  1240                           stkptr	equ	0xFFC
  1241                           pclatu	equ	0xFFB
  1242                           pclath	equ	0xFFA
  1243                           pcl	equ	0xFF9
  1244                           tblptru	equ	0xFF8
  1245                           tblptrh	equ	0xFF7
  1246                           tblptrl	equ	0xFF6
  1247                           tablat	equ	0xFF5
  1248                           prodh	equ	0xFF4
  1249                           prodl	equ	0xFF3
  1250                           indf0	equ	0xFEF
  1251                           postinc0	equ	0xFEE
  1252                           postdec0	equ	0xFED
  1253                           preinc0	equ	0xFEC
  1254                           plusw0	equ	0xFEB
  1255                           fsr0h	equ	0xFEA
  1256                           fsr0l	equ	0xFE9
  1257                           wreg	equ	0xFE8
  1258                           indf1	equ	0xFE7
  1259                           postinc1	equ	0xFE6
  1260                           postdec1	equ	0xFE5
  1261                           preinc1	equ	0xFE4
  1262                           plusw1	equ	0xFE3
  1263                           fsr1h	equ	0xFE2
  1264                           fsr1l	equ	0xFE1
  1265                           bsr	equ	0xFE0
  1266                           indf2	equ	0xFDF
  1267                           postinc2	equ	0xFDE
  1268                           postdec2	equ	0xFDD
  1269                           preinc2	equ	0xFDC
  1270                           plusw2	equ	0xFDB
  1271                           fsr2h	equ	0xFDA
  1272                           fsr2l	equ	0xFD9
  1273                           status	equ	0xFD8


Data Sizes:
    Strings     37
    Constant    0
    Data        0
    BSS         40
    Persistent  0
    Stack       0

Auto Spaces:
    Space          Size  Autos    Used
    COMRAM           95     32      72
    BANK0           160      0       0
    BANK1           256      0       0
    BANK2           256      0       0
    BANK3           256      0       0
    BANK4           256      0       0
    BANK5           256      0       0

Pointer List with Targets:

    vfpfcnvrt@ap	PTR PTR void  size(2) Largest target is 2
		 -> printf@ap(COMRAM[2]), 

    printf@fmt	PTR const unsigned char  size(2) Largest target is 25
		 -> STR_2(CODE[12]), STR_1(CODE[25]), 

    printf@ap	PTR void [1] size(2) Largest target is 2
		 -> ?_printf(COMRAM[2]), 

    S1014_IO_FILE$buffer	PTR unsigned char  size(2) Largest target is 0

    fputc@fp.buffer	PTR unsigned char  size(2) Largest target is 0

    fputc@fp	PTR struct _IO_FILE size(2) Largest target is 0
		 -> NULL(NULL[0]), 

    vfprintf@ap	PTR PTR void  size(2) Largest target is 2
		 -> printf@ap(COMRAM[2]), 

    vfprintf@fp	PTR struct _IO_FILE size(2) Largest target is 0
		 -> NULL(NULL[0]), 

    vfprintf@fmt	PTR const unsigned char  size(2) Largest target is 25
		 -> STR_2(CODE[12]), STR_1(CODE[25]), 

    vfprintf@cfmt	PTR unsigned char  size(2) Largest target is 25
		 -> STR_2(CODE[12]), STR_1(CODE[25]), 

    vfpfcnvrt@fp	PTR struct _IO_FILE size(2) Largest target is 0
		 -> NULL(NULL[0]), 

    vfpfcnvrt@fmt	PTR PTR unsigned char  size(2) Largest target is 2
		 -> vfprintf@cfmt(COMRAM[2]), 


Critical Paths under _main in COMRAM

    _main->_printf
    _responseWait->_printf
    _printf->_vfprintf
    _vfprintf->_vfpfcnvrt
    _vfpfcnvrt->_fputc
    _fputc->_putch

Critical Paths under _main in BANK0

    None.

Critical Paths under _main in BANK1

    None.

Critical Paths under _main in BANK2

    None.

Critical Paths under _main in BANK3

    None.

Critical Paths under _main in BANK4

    None.

Critical Paths under _main in BANK5

    None.

Call Graph Tables:

 ---------------------------------------------------------------------------------
 (Depth) Function   	        Calls       Base Space   Used Autos Params    Refs
 ---------------------------------------------------------------------------------
 (0) _main                                                 2     2      0    3422
                                             30 COMRAM     2     2      0
                         _DHT11start
                             _printf
                       _responseWait
                   _systemInitialize
 ---------------------------------------------------------------------------------
 (1) _systemInitialize                                     0     0      0       0
                          _adcConfig
                         _portConfig
                         _serialComm
             _set_osc_p18f45k22_4MHz
 ---------------------------------------------------------------------------------
 (2) _set_osc_p18f45k22_4MHz                               0     0      0       0
 ---------------------------------------------------------------------------------
 (2) _serialComm                                           0     0      0       0
 ---------------------------------------------------------------------------------
 (2) _portConfig                                           0     0      0       0
 ---------------------------------------------------------------------------------
 (2) _adcConfig                                            0     0      0       0
 ---------------------------------------------------------------------------------
 (1) _responseWait                                         0     0      0    1711
                             _printf
 ---------------------------------------------------------------------------------
 (2) _printf                                               6     4      2    1711
                                             24 COMRAM     6     4      2
                           _vfprintf
 ---------------------------------------------------------------------------------
 (3) _vfprintf                                             8     2      6    1507
                                             16 COMRAM     8     2      6
                          _vfpfcnvrt
 ---------------------------------------------------------------------------------
 (4) _vfpfcnvrt                                           40    34      6    1157
                                             10 COMRAM     6     0      6
                              _fputc
 ---------------------------------------------------------------------------------
 (5) _fputc                                                9     5      4     731
                                              1 COMRAM     9     5      4
                              _putch
 ---------------------------------------------------------------------------------
 (6) _putch                                                1     1      0      15
                                              0 COMRAM     1     1      0
 ---------------------------------------------------------------------------------
 (1) _DHT11start                                           1     1      0       0
                                              0 COMRAM     1     1      0
 ---------------------------------------------------------------------------------
 Estimated maximum stack depth 6
 ---------------------------------------------------------------------------------

 Call Graph Graphs:

 _main (ROOT)
   _DHT11start
   _printf
     _vfprintf
       _vfpfcnvrt
         _fputc
           _putch
   _responseWait
     _printf
       _vfprintf
         _vfpfcnvrt
           _fputc
             _putch
   _systemInitialize
     _adcConfig
     _portConfig
     _serialComm
     _set_osc_p18f45k22_4MHz

 Address spaces:
Name               Size   Autos  Total    Cost      Usage
BIGRAM             5FF      0       0      16        0.0%
EEDATA             100      0       0       0        0.0%
BITBANK5           100      0       0      14        0.0%
BANK5              100      0       0      15        0.0%
BITBANK4           100      0       0      12        0.0%
BANK4              100      0       0      13        0.0%
BITBANK3           100      0       0      10        0.0%
BANK3              100      0       0      11        0.0%
BITBANK2           100      0       0       7        0.0%
BANK2              100      0       0       8        0.0%
BITBANK1           100      0       0       5        0.0%
BANK1              100      0       0       6        0.0%
BITBANK0            A0      0       0       3        0.0%
BANK0               A0      0       0       4        0.0%
BITCOMRAM           5F      0       0       0        0.0%
COMRAM              5F     20      48       1       75.8%
BITSFR_1             0      0       0     200        0.0%
SFR_1                0      0       0     200        0.0%
BITSFR               0      0       0     200        0.0%
SFR                  0      0       0     200        0.0%
STACK                0      0       0       2        0.0%
NULL                 0      0       0       0        0.0%
ABS                  0      0      48       9        0.0%
DATA                 0      0      48      17        0.0%
CODE                 0      0       0       0        0.0%


Microchip Technology PIC18 Macro Assembler V2.05 build -831301201 
Symbol Table                                                                                   Tue Apr 16 23:43:59 2019

                             l63 08A6        __size_of_systemInitialize 0012  
                   __CFG_CP0$OFF 000000                     __CFG_CP1$OFF 000000  
                   __CFG_CP2$OFF 000000                     __CFG_CP3$OFF 000000  
                            l880 08CE                     __CFG_CPB$OFF 000000  
                            u200 0706                              u220 074E  
                            u307 083C                              u260 0872  
                            u317 084A                              u270 0876  
                   __CFG_CPD$OFF 000000                              u297 07D6  
                            wreg 000FE8                     __CFG_LVP$OFF 000000  
            __size_of_DHT11start 0022                             l1016 070E  
                           l1042 06AA                             l1060 0774  
                           l1038 06A0                             l1062 0798  
                           l1048 06C2                             l1076 07B8  
                           STR_1 0601                             STR_2 061A  
                           _LATA 000F89                             _LATB 000F8A  
                           _LATD 000F8C                             _dbuf 0001  
                           _main 07B4                             _prec 0025  
                           _nout 0021                             fsr1h 000FE2  
                           fsr2h 000FDA                             fsr1l 000FE1  
                           fsr2l 000FD9                    __CFG_BORV$190 000000  
                           start 0000                    __CFG_IESO$OFF 000000  
                   ___param_bank 000000                            ?_main 0029  
                          _ADRES 000FC3                     vfpfcnvrt@fmt 0035  
                          _TRISA 000F92                            _TRISB 000F93  
                          _TRISD 000F95                            _TXREG 000FAD  
                  __CFG_WRT0$OFF 000000                    __CFG_WRT1$OFF 000000  
                  __CFG_WRT2$OFF 000000                    __CFG_WRT3$OFF 000000  
                 __CFG_EBTR0$OFF 000000                   __CFG_FCMEN$OFF 000000  
                 __CFG_EBTR1$OFF 000000                   __CFG_EBTR2$OFF 000000  
                 __CFG_EBTR3$OFF 000000                    __CFG_WRTB$OFF 000000  
                  __CFG_WRTC$OFF 000000                    __CFG_WRTD$OFF 000000  
                 __CFG_EBTRB$OFF 000000                            _flags 0027  
                          _fputc 06F6               __CFG_MCLRE$EXTMCLR 000000  
                          _width 0023                            _putch 08CC  
                          tablat 000FF5                            status 000FD8  
                 __CFG_HFOFST$ON 000000                   __CFG_PBADEN$ON 000000  
                __initialization 0854                     __end_of_main 07E4  
                         ??_main 0047                    __activetblptr 000001  
                         _ADCON0 000FC2                           _ADCON1 000FC1  
                         _ADCON2 000FC0                           ?_fputc 002A  
                         _ANSELA 000F38                           ?_putch 0029  
                         _ANSELB 000F39                           _ANSELD 000F3B  
                 __CFG_WDTEN$OFF 000000                           _RCSTA1 000FAB  
                         _OSCCON 000FD3                           _SPBRG1 000FAF  
                         _TXSTA1 000FAC                   __CFG_XINST$OFF 000000  
                   vfprintf@cfmt 003F                     ??_DHT11start 0029  
                 __CFG_STVREN$ON 000000                           clear_0 085A  
               _systemInitialize 0888                           _printf 080C  
                         fputc@c 002A          ?_set_osc_p18f45k22_4MHz 0029  
                   __mediumconst 0000                           tblptrh 000FF7  
                         tblptrl 000FF6                           tblptru 000FF8  
               __end_of_vfprintf 07B4               __size_of_adcConfig 000E  
             __end_of_DHT11start 0854                       __accesstop 0060  
        __end_of__initialization 0860                    ___rparam_used 000001  
                 __pcstackCOMRAM 0029                    __end_of_fputc 0762  
                  __end_of_putch 08D8   __end_of_set_osc_p18f45k22_4MHz 08AC  
                        ??_fputc 002E                          ??_putch 0029  
                __CFG_PLLCFG$OFF 000000               __CFG_CCP2MX$PORTB3 000000  
             __CFG_CCP3MX$PORTB5 000000                __end_of_adcConfig 08CC  
                        ?_printf 0041                          _OSCCON2 000FD2  
             __size_of_vfpfcnvrt 00CE                          _OSCTUNE 000F9B  
                __CFG_PWRTEN$OFF 000000                          __Hparam 0000  
                        __Lparam 0000                        ?_vfprintf 0039  
                   __psmallconst 0600                          __pcinit 0854  
                        __ramtop 0600                          __ptext0 07B4  
                        __ptext1 0888                          __ptext2 089A  
                        __ptext3 08AC                          __ptext4 07E4  
                        __ptext5 08BE                          __ptext6 086E  
                        __ptext7 080C                          __ptext8 0762  
                        __ptext9 0628                  __size_of_printf 0026  
           end_of_initialization 0860                    ?_responseWait 0029  
       __end_of_systemInitialize 089A                          fputc@fp 002C  
                     _serialComm 08AC                __end_of_vfpfcnvrt 06F6  
                        postdec2 000FDD                          postinc0 000FEE  
                        postinc1 000FE6                          postinc2 000FDE  
                     ??_vfprintf 003F                       _portConfig 07E4  
                      _PORTAbits 000F80                        _TRISAbits 000F92  
                      _TRISCbits 000F94                   ??_responseWait 0047  
                    vfpfcnvrt@ap 0037                      vfpfcnvrt@fp 0033  
                 __end_of_printf 0832              start_initialization 0854  
                    ?_serialComm 0029                      vfprintf@fmt 003B  
                    ?_portConfig 0029                         ??_printf 0043  
                      _adcConfig 08BE                      __pbssCOMRAM 0001  
           __end_of_responseWait 0888                 __CFG_PRICLKEN$ON 000000  
              __size_of_vfprintf 0052                       ?_adcConfig 0029  
                    __smallconst 0600                         _BAUDCON1 000FB8  
            __size_of_serialComm 0012                   __size_of_fputc 006C  
                 __size_of_putch 000C                ?_systemInitialize 0029  
            __size_of_portConfig 0028                         _LATAbits 000F89  
             ??_systemInitialize 0029                         _PIR1bits 000F9E  
               __CFG_WDTPS$32768 000000         ??_set_osc_p18f45k22_4MHz 0029  
                      _vfpfcnvrt 0628                       _ADCON0bits 000FC2  
                       __Hrparam 0000                       vfprintf@ap 003D  
                       __Lrparam 0000                       vfprintf@fp 0039  
                   __Lsmallconst 0600               __CFG_BOREN$SBORDIS 000000  
                     _DHT11start 0832                __CFG_P2BMX$PORTD2 000000  
                     ?_vfpfcnvrt 0033                      ??_adcConfig 0029  
                       __ptext10 06F6                         __ptext11 08CC  
                       __ptext12 0832                    __size_of_main 0030  
                   ??_serialComm 0029            __size_of_responseWait 001A  
__size_of_set_osc_p18f45k22_4MHz 0012                         _vfprintf 0762  
                      printf@fmt 0041                     ??_portConfig 0029  
                      putch@data 0029               __end_of_serialComm 08BE  
                   _responseWait 086E               __end_of_portConfig 080C  
                     _OSCCONbits 000FD3                      ?_DHT11start 0029  
                       printf@ap 0045                      ??_vfpfcnvrt 0039  
              __CFG_T3CMX$PORTC0 000000           _set_osc_p18f45k22_4MHz 089A  
              __CFG_FOSC$INTIO67 000000  
